Using pre-set license
Desktop is 1920 x 1080 @ 60 Hz

 COMMAND LINE ARGUMENTS:
Unity
-adb2
-batchMode
-noUpm
-name
AssetImportWorker0
-projectPath
/home/oscar/Desktop/SymbioticRobots/Unity/My_first_2D
-logFile
Logs/AssetImportWorker0.log
-srvPort
41617
Successfully changed project path to: /home/oscar/Desktop/SymbioticRobots/Unity/My_first_2D
/home/oscar/Desktop/SymbioticRobots/Unity/My_first_2D
Using Asset Import Pipeline V2.
Refreshing native plugins compatible for Editor in 312.06 ms, found 3 plugins.
Preloading 0 native plugins for Editor in 0.00 ms.
Initialize engine version: 2020.3.11f1 (99c7afb366b3)
[Subsystems] Discovering subsystems at path /home/oscar/Unity/Hub/Editor/2020.3.11f1/Editor/Data/Resources/UnitySubsystems
[Subsystems] Discovering subsystems at path /home/oscar/Desktop/SymbioticRobots/Unity/My_first_2D/Assets
GLX Extensions: GLX_ARB_create_context GLX_ARB_create_context_profile GLX_ARB_fbconfig_float GLX_ARB_framebuffer_sRGB GLX_ARB_get_proc_address GLX_ARB_multisample GLX_EXT_create_context_es2_profile GLX_EXT_create_context_es_profile GLX_EXT_fbconfig_packed_float GLX_EXT_framebuffer_sRGB GLX_EXT_import_context GLX_EXT_texture_from_pixmap GLX_EXT_visual_info GLX_EXT_visual_rating GLX_MESA_copy_sub_buffer GLX_MESA_multithread_makecurrent GLX_MESA_query_renderer GLX_OML_swap_method GLX_SGIS_multisample GLX_SGIX_fbconfig GLX_SGIX_pbuffer GLX_SGIX_visual_select_group GLX_SGI_make_current_read 
Renderer: llvmpipe (LLVM 6.0, 128 bits)
Vendor:   VMware, Inc.
Version:  3.3 (Core Profile) Mesa 18.0.5
GLES:     0
 GL_AMD_conservative_depth GL_AMD_draw_buffers_blend GL_AMD_seamless_cubemap_per_texture GL_AMD_shader_stencil_export GL_AMD_shader_trinary_minmax GL_AMD_vertex_shader_layer GL_AMD_vertex_shader_viewport_index GL_ANGLE_texture_compression_dxt3 GL_ANGLE_texture_compression_dxt5 GL_ARB_ES2_compatibility GL_ARB_ES3_compatibility GL_ARB_arrays_of_arrays GL_ARB_base_instance GL_ARB_blend_func_extended GL_ARB_buffer_storage GL_ARB_clear_buffer_object GL_ARB_clear_texture GL_ARB_clip_control GL_ARB_compressed_texture_pixel_storage GL_ARB_conditional_render_inverted GL_ARB_conservative_depth GL_ARB_copy_buffer GL_ARB_copy_image GL_ARB_cull_distance GL_ARB_debug_output GL_ARB_depth_buffer_float GL_ARB_depth_clamp GL_ARB_direct_state_access GL_ARB_draw_buffers GL_ARB_draw_buffers_blend GL_ARB_draw_elements_base_vertex GL_ARB_draw_indirect GL_ARB_draw_instanced GL_ARB_enhanced_layouts GL_ARB_explicit_attrib_location GL_ARB_explicit_uniform_location GL_ARB_fragment_coord_conventions GL_ARB_fragment_layer_viewport GL_ARB
_fragment_shader GL_ARB_framebuffer_object GL_ARB_framebuffer_sRGB GL_ARB_get_program_binary GL_ARB_get_texture_sub_image GL_ARB_gpu_shader_fp64 GL_ARB_gpu_shader_int64 GL_ARB_half_float_pixel GL_ARB_half_float_vertex GL_ARB_instanced_arrays GL_ARB_internalformat_query GL_ARB_internalformat_query2 GL_ARB_invalidate_subdata GL_ARB_map_buffer_alignment GL_ARB_map_buffer_range GL_ARB_multi_bind GL_ARB_multi_draw_indirect GL_ARB_occlusion_query2 GL_ARB_pipeline_statistics_query GL_ARB_pixel_buffer_object GL_ARB_point_sprite GL_ARB_polygon_offset_clamp GL_ARB_program_interface_query GL_ARB_provoking_vertex GL_ARB_robustness GL_ARB_sampler_objects GL_ARB_seamless_cube_map GL_ARB_seamless_cubemap_per_texture GL_ARB_separate_shader_objects GL_ARB_shader_bit_encoding GL_ARB_shader_objects GL_ARB_shader_stencil_export GL_ARB_shader_subroutine GL_ARB_shader_texture_lod GL_ARB_shading_language_420pack GL_ARB_shading_language_packing GL_ARB_stencil_texturing GL_ARB_sync GL_ARB_texture_buffer_object GL_ARB_texture_buffer_
object_rgb32 GL_ARB_texture_buffer_range GL_ARB_texture_compression_rgtc GL_ARB_texture_cube_map_array GL_ARB_texture_float GL_ARB_texture_gather GL_ARB_texture_mirror_clamp_to_edge GL_ARB_texture_multisample GL_ARB_texture_non_power_of_two GL_ARB_texture_query_levels GL_ARB_texture_query_lod GL_ARB_texture_rectangle GL_ARB_texture_rg GL_ARB_texture_rgb10_a2ui GL_ARB_texture_stencil8 GL_ARB_texture_storage GL_ARB_texture_storage_multisample GL_ARB_texture_swizzle GL_ARB_texture_view GL_ARB_timer_query GL_ARB_transform_feedback2 GL_ARB_transform_feedback3 GL_ARB_transform_feedback_instanced GL_ARB_transform_feedback_overflow_query GL_ARB_uniform_buffer_object GL_ARB_vertex_array_bgra GL_ARB_vertex_array_object GL_ARB_vertex_attrib_64bit GL_ARB_vertex_attrib_binding GL_ARB_vertex_shader GL_ARB_vertex_type_10f_11f_11f_rev GL_ARB_vertex_type_2_10_10_10_rev GL_ARB_viewport_array GL_ATI_blend_equation_separate GL_ATI_texture_float GL_ATI_texture_mirror_once GL_EXT_abgr GL_EXT_blend_equation_separate GL_EXT_draw_bu
ffers2 GL_EXT_draw_instanced GL_EXT_framebuffer_blit GL_EXT_framebuffer_multisample GL_EXT_framebuffer_multisample_blit_scaled GL_EXT_framebuffer_sRGB GL_EXT_packed_depth_stencil GL_EXT_packed_float GL_EXT_pixel_buffer_object GL_EXT_polygon_offset_clamp GL_EXT_provoking_vertex GL_EXT_shader_integer_mix GL_EXT_texture_array GL_EXT_texture_compression_dxt1 GL_EXT_texture_compression_rgtc GL_EXT_texture_compression_s3tc GL_EXT_texture_integer GL_EXT_texture_mirror_clamp GL_EXT_texture_sRGB GL_EXT_texture_sRGB_decode GL_EXT_texture_shared_exponent GL_EXT_texture_snorm GL_EXT_texture_swizzle GL_EXT_timer_query GL_EXT_transform_feedback GL_EXT_vertex_array_bgra GL_IBM_multimode_draw_arrays GL_KHR_context_flush_control GL_KHR_debug GL_KHR_no_error GL_MESA_pack_invert GL_MESA_shader_integer_functions GL_MESA_texture_signed_rgba GL_MESA_ycbcr_texture GL_NV_conditional_render GL_NV_depth_clamp GL_NV_packed_depth_stencil GL_OES_EGL_image GL_S3_s3tc
OPENGL LOG: Creating OpenGL 3.3 graphics device ; Context level  <OpenGL 3.3> ; Context handle 897839744
Initialize mono
Mono path[0] = '/home/oscar/Unity/Hub/Editor/2020.3.11f1/Editor/Data/Managed'
Mono path[1] = '/home/oscar/Unity/Hub/Editor/2020.3.11f1/Editor/Data/MonoBleedingEdge/lib/mono/unityjit'
Mono config path = '/home/oscar/Unity/Hub/Editor/2020.3.11f1/Editor/Data/MonoBleedingEdge/etc'
Using monoOptions --debugger-agent=transport=dt_socket,embedding=1,server=y,suspend=n,address=127.0.0.1:56843
Begin MonoManager ReloadAssembly
Registering precompiled unity dll's ...
Register platform support module: /home/oscar/Unity/Hub/Editor/2020.3.11f1/Editor/Data/PlaybackEngines/WindowsStandaloneSupport/UnityEditor.WindowsStandalone.Extensions.dll
Register platform support module: /home/oscar/Unity/Hub/Editor/2020.3.11f1/Editor/Data/PlaybackEngines/LinuxStandaloneSupport/UnityEditor.LinuxStandalone.Extensions.dll
Registered in 0.001391 seconds.
Native extension for LinuxStandalone target not found
Native extension for WindowsStandalone target not found
Refreshing native plugins compatible for Editor in 174.67 ms, found 3 plugins.
Preloading 0 native plugins for Editor in 0.00 ms.
Mono: successfully reloaded assembly
- Completed reload, in  8.780 seconds
Platform modules already initialized, skipping
Registering precompiled user dll's ...
Registered in 0.013304 seconds.
Begin MonoManager ReloadAssembly
Native extension for LinuxStandalone target not found
Native extension for WindowsStandalone target not found
Refreshing native plugins compatible for Editor in 167.42 ms, found 3 plugins.
Preloading 0 native plugins for Editor in 0.00 ms.
Mono: successfully reloaded assembly
- Completed reload, in  4.720 seconds
Platform modules already initialized, skipping
========================================================================
Worker process is ready to serve import requests
Launched and connected shader compiler UnityShaderCompiler after 0.03 seconds
Refreshing native plugins compatible for Editor in 0.60 ms, found 3 plugins.
Preloading 0 native plugins for Editor in 0.00 ms.
Unloading 2430 Unused Serialized files (Serialized files now loaded: 0)
System memory in use before: 96.7 MB.
System memory in use after: 96.7 MB.

Unloading 41 unused Assets to reduce memory usage. Loaded Objects now: 2855.
Total: 83.215310 ms (FindLiveObjects: 3.319556 ms CreateObjectMapping: 0.148910 ms MarkObjects: 70.375422 ms  DeleteObjects: 9.365339 ms)

========================================================================
Received Import Request.
  path: Assets/Scripts/MoveMinimap.cs
  artifactKey: Guid(89c37d495f045ad34a6ade2aca1656ce) Importer(815301076,1909f56bfc062723c751e8b465ee728b)
Start importing Assets/Scripts/MoveMinimap.cs using Guid(89c37d495f045ad34a6ade2aca1656ce) Importer(815301076,1909f56bfc062723c751e8b465ee728b)  -> (artifact id: 'de10cb3c3efdafc8c09f8dd62e1937da') in 0.023585 seconds
  Import took 0.032408 seconds .

========================================================================
Received Prepare
Registering precompiled user dll's ...
Registered in 0.003050 seconds.
Begin MonoManager ReloadAssembly
Native extension for LinuxStandalone target not found
Native extension for WindowsStandalone target not found
Refreshing native plugins compatible for Editor in 0.63 ms, found 3 plugins.
Preloading 0 native plugins for Editor in 0.00 ms.
Mono: successfully reloaded assembly
- Completed reload, in  4.706 seconds
Platform modules already initialized, skipping
Refreshing native plugins compatible for Editor in 4.65 ms, found 3 plugins.
Preloading 0 native plugins for Editor in 0.00 ms.
Unloading 2425 Unused Serialized files (Serialized files now loaded: 0)
System memory in use before: 96.8 MB.
System memory in use after: 96.8 MB.

Unloading 29 unused Assets to reduce memory usage. Loaded Objects now: 2859.
Total: 12.555373 ms (FindLiveObjects: 0.592466 ms CreateObjectMapping: 0.164519 ms MarkObjects: 11.534435 ms  DeleteObjects: 0.259878 ms)

========================================================================
Received Prepare
Registering precompiled user dll's ...
Registered in 0.006004 seconds.
Begin MonoManager ReloadAssembly
Native extension for LinuxStandalone target not found
Native extension for WindowsStandalone target not found
Refreshing native plugins compatible for Editor in 0.54 ms, found 3 plugins.
Preloading 0 native plugins for Editor in 0.00 ms.
Mono: successfully reloaded assembly
- Completed reload, in  3.213 seconds
Platform modules already initialized, skipping
Refreshing native plugins compatible for Editor in 0.52 ms, found 3 plugins.
Preloading 0 native plugins for Editor in 0.00 ms.
Unloading 2425 Unused Serialized files (Serialized files now loaded: 0)
System memory in use before: 96.9 MB.
System memory in use after: 96.9 MB.

Unloading 29 unused Assets to reduce memory usage. Loaded Objects now: 2863.
Total: 59.817293 ms (FindLiveObjects: 0.510190 ms CreateObjectMapping: 0.150380 ms MarkObjects: 58.407087 ms  DeleteObjects: 0.744859 ms)

========================================================================
Received Import Request.
  Time since last request: 451.842259 seconds.
  path: Assets/Scripts/MoveMinimap.cs
  artifactKey: Guid(89c37d495f045ad34a6ade2aca1656ce) Importer(815301076,1909f56bfc062723c751e8b465ee728b)
Start importing Assets/Scripts/MoveMinimap.cs using Guid(89c37d495f045ad34a6ade2aca1656ce) Importer(815301076,1909f56bfc062723c751e8b465ee728b)  -> (artifact id: 'd5b6e1b4129d80c60ffbeaa1d92959f7') in 0.004583 seconds
  Import took 0.013943 seconds .

========================================================================
Received Import Request.
  Time since last request: 0.023052 seconds.
  path: Assets/Scripts/MoveMinimap.cs
  artifactKey: Guid(89c37d495f045ad34a6ade2aca1656ce) Importer(815301076,1909f56bfc062723c751e8b465ee728b)
Start importing Assets/Scripts/MoveMinimap.cs using Guid(89c37d495f045ad34a6ade2aca1656ce) Importer(815301076,1909f56bfc062723c751e8b465ee728b)  -> (artifact id: 'd5b6e1b4129d80c60ffbeaa1d92959f7') in 0.001484 seconds
  Import took 0.008962 seconds .

========================================================================
Received Prepare
Registering precompiled user dll's ...
Registered in 0.002673 seconds.
Begin MonoManager ReloadAssembly
Native extension for LinuxStandalone target not found
Native extension for WindowsStandalone target not found
Refreshing native plugins compatible for Editor in 5.01 ms, found 3 plugins.
Preloading 0 native plugins for Editor in 0.00 ms.
Mono: successfully reloaded assembly
- Completed reload, in  3.368 seconds
Platform modules already initialized, skipping
Refreshing native plugins compatible for Editor in 0.55 ms, found 3 plugins.
Preloading 0 native plugins for Editor in 0.00 ms.
Unloading 2425 Unused Serialized files (Serialized files now loaded: 0)
System memory in use before: 96.9 MB.
System memory in use after: 96.9 MB.

Unloading 29 unused Assets to reduce memory usage. Loaded Objects now: 2867.
Total: 51.114809 ms (FindLiveObjects: 0.421071 ms CreateObjectMapping: 0.167668 ms MarkObjects: 50.199090 ms  DeleteObjects: 0.321963 ms)

========================================================================
Received Prepare
Registering precompiled user dll's ...
Registered in 0.002552 seconds.
Begin MonoManager ReloadAssembly
Native extension for LinuxStandalone target not found
Native extension for WindowsStandalone target not found
Refreshing native plugins compatible for Editor in 0.54 ms, found 3 plugins.
Preloading 0 native plugins for Editor in 0.00 ms.
Mono: successfully reloaded assembly
- Completed reload, in  3.360 seconds
Platform modules already initialized, skipping
Refreshing native plugins compatible for Editor in 1.28 ms, found 3 plugins.
Preloading 0 native plugins for Editor in 0.00 ms.
Unloading 2425 Unused Serialized files (Serialized files now loaded: 0)
System memory in use before: 96.9 MB.
System memory in use after: 96.9 MB.

Unloading 29 unused Assets to reduce memory usage. Loaded Objects now: 2871.
Total: 38.684769 ms (FindLiveObjects: 0.342328 ms CreateObjectMapping: 0.107783 ms MarkObjects: 37.975539 ms  DeleteObjects: 0.255523 ms)

========================================================================
Received Prepare
Registering precompiled user dll's ...
Registered in 0.007026 seconds.
Begin MonoManager ReloadAssembly
Native extension for LinuxStandalone target not found
Native extension for WindowsStandalone target not found
Refreshing native plugins compatible for Editor in 0.54 ms, found 3 plugins.
Preloading 0 native plugins for Editor in 0.00 ms.
Mono: successfully reloaded assembly
- Completed reload, in  2.654 seconds
Platform modules already initialized, skipping
Refreshing native plugins compatible for Editor in 0.57 ms, found 3 plugins.
Preloading 0 native plugins for Editor in 0.00 ms.
Unloading 2425 Unused Serialized files (Serialized files now loaded: 0)
System memory in use before: 96.8 MB.
System memory in use after: 96.8 MB.

Unloading 29 unused Assets to reduce memory usage. Loaded Objects now: 2875.
Total: 18.472802 ms (FindLiveObjects: 0.532502 ms CreateObjectMapping: 0.123385 ms MarkObjects: 17.317541 ms  DeleteObjects: 0.495763 ms)

========================================================================
Received Prepare
Registering precompiled user dll's ...
Registered in 0.002630 seconds.
Begin MonoManager ReloadAssembly
Native extension for LinuxStandalone target not found
Native extension for WindowsStandalone target not found
Refreshing native plugins compatible for Editor in 0.53 ms, found 3 plugins.
Preloading 0 native plugins for Editor in 0.00 ms.
Mono: successfully reloaded assembly
- Completed reload, in  1.535 seconds
Platform modules already initialized, skipping
Refreshing native plugins compatible for Editor in 0.55 ms, found 3 plugins.
Preloading 0 native plugins for Editor in 0.00 ms.
Unloading 2425 Unused Serialized files (Serialized files now loaded: 0)
System memory in use before: 96.9 MB.
System memory in use after: 96.9 MB.

Unloading 29 unused Assets to reduce memory usage. Loaded Objects now: 2879.
Total: 60.578652 ms (FindLiveObjects: 0.527962 ms CreateObjectMapping: 0.142167 ms MarkObjects: 58.459367 ms  DeleteObjects: 1.444255 ms)

========================================================================
Received Import Request.
  Time since last request: 306.460993 seconds.
  path: Assets/Scripts/MoveMinimap.cs
  artifactKey: Guid(89c37d495f045ad34a6ade2aca1656ce) Importer(815301076,1909f56bfc062723c751e8b465ee728b)
Start importing Assets/Scripts/MoveMinimap.cs using Guid(89c37d495f045ad34a6ade2aca1656ce) Importer(815301076,1909f56bfc062723c751e8b465ee728b)  -> (artifact id: 'cf7ea41c5b43b555787603779b879fed') in 0.021330 seconds
  Import took 0.026112 seconds .

========================================================================
Received Prepare
Registering precompiled user dll's ...
Registered in 0.002837 seconds.
Begin MonoManager ReloadAssembly
Native extension for LinuxStandalone target not found
Native extension for WindowsStandalone target not found
Refreshing native plugins compatible for Editor in 0.84 ms, found 3 plugins.
Preloading 0 native plugins for Editor in 0.00 ms.
Mono: successfully reloaded assembly
- Completed reload, in  3.265 seconds
Platform modules already initialized, skipping
Refreshing native plugins compatible for Editor in 0.99 ms, found 3 plugins.
Preloading 0 native plugins for Editor in 0.00 ms.
Unloading 2425 Unused Serialized files (Serialized files now loaded: 0)
System memory in use before: 96.9 MB.
System memory in use after: 97.0 MB.

Unloading 29 unused Assets to reduce memory usage. Loaded Objects now: 2883.
Total: 50.755241 ms (FindLiveObjects: 0.383273 ms CreateObjectMapping: 0.123844 ms MarkObjects: 49.388703 ms  DeleteObjects: 0.855578 ms)

========================================================================
Received Prepare
Registering precompiled user dll's ...
Registered in 0.003212 seconds.
Begin MonoManager ReloadAssembly
Native extension for LinuxStandalone target not found
Native extension for WindowsStandalone target not found
Refreshing native plugins compatible for Editor in 3.89 ms, found 3 plugins.
Preloading 0 native plugins for Editor in 0.00 ms.
Mono: successfully reloaded assembly
- Completed reload, in  2.241 seconds
Platform modules already initialized, skipping
Refreshing native plugins compatible for Editor in 0.53 ms, found 3 plugins.
Preloading 0 native plugins for Editor in 0.00 ms.
Unloading 2425 Unused Serialized files (Serialized files now loaded: 0)
System memory in use before: 96.9 MB.
System memory in use after: 97.0 MB.

Unloading 29 unused Assets to reduce memory usage. Loaded Objects now: 2887.
Total: 99.081518 ms (FindLiveObjects: 4.983801 ms CreateObjectMapping: 0.356249 ms MarkObjects: 93.475763 ms  DeleteObjects: 0.260477 ms)

========================================================================
Received Prepare
Registering precompiled user dll's ...
Registered in 0.002507 seconds.
Begin MonoManager ReloadAssembly
Native extension for LinuxStandalone target not found
Native extension for WindowsStandalone target not found
Refreshing native plugins compatible for Editor in 2.21 ms, found 3 plugins.
Preloading 0 native plugins for Editor in 0.00 ms.
Mono: successfully reloaded assembly
- Completed reload, in  2.671 seconds
Platform modules already initialized, skipping
Refreshing native plugins compatible for Editor in 0.62 ms, found 3 plugins.
Preloading 0 native plugins for Editor in 0.00 ms.
Unloading 2425 Unused Serialized files (Serialized files now loaded: 0)
System memory in use before: 97.0 MB.
System memory in use after: 97.0 MB.

Unloading 29 unused Assets to reduce memory usage. Loaded Objects now: 2891.
Total: 55.992094 ms (FindLiveObjects: 0.365833 ms CreateObjectMapping: 0.106869 ms MarkObjects: 55.226447 ms  DeleteObjects: 0.288625 ms)

========================================================================
Received Prepare
Registering precompiled user dll's ...
Registered in 0.009009 seconds.
Begin MonoManager ReloadAssembly
Native extension for LinuxStandalone target not found
Native extension for WindowsStandalone target not found
Refreshing native plugins compatible for Editor in 1.84 ms, found 3 plugins.
Preloading 0 native plugins for Editor in 0.00 ms.
Mono: successfully reloaded assembly
- Completed reload, in  3.357 seconds
Platform modules already initialized, skipping
Refreshing native plugins compatible for Editor in 0.53 ms, found 3 plugins.
Preloading 0 native plugins for Editor in 0.00 ms.
Unloading 2425 Unused Serialized files (Serialized files now loaded: 0)
System memory in use before: 96.9 MB.
System memory in use after: 96.9 MB.

Unloading 29 unused Assets to reduce memory usage. Loaded Objects now: 2895.
Total: 24.189444 ms (FindLiveObjects: 0.329917 ms CreateObjectMapping: 0.116797 ms MarkObjects: 22.411803 ms  DeleteObjects: 1.326344 ms)

========================================================================
Received Prepare
Registering precompiled user dll's ...
Registered in 0.015795 seconds.
Begin MonoManager ReloadAssembly
Native extension for LinuxStandalone target not found
Native extension for WindowsStandalone target not found
Refreshing native plugins compatible for Editor in 0.55 ms, found 3 plugins.
Preloading 0 native plugins for Editor in 0.00 ms.
Mono: successfully reloaded assembly
- Completed reload, in  3.197 seconds
Platform modules already initialized, skipping
Refreshing native plugins compatible for Editor in 0.56 ms, found 3 plugins.
Preloading 0 native plugins for Editor in 0.00 ms.
Unloading 2425 Unused Serialized files (Serialized files now loaded: 0)
System memory in use before: 97.0 MB.
System memory in use after: 97.0 MB.

Unloading 29 unused Assets to reduce memory usage. Loaded Objects now: 2899.
Total: 51.673145 ms (FindLiveObjects: 2.603518 ms CreateObjectMapping: 0.124566 ms MarkObjects: 48.683343 ms  DeleteObjects: 0.258417 ms)

========================================================================
Received Import Request.
  Time since last request: 528.149617 seconds.
  path: Assets/Scripts/OdometrySubscriber.cs
  artifactKey: Guid(62ba537eccbdde5738177b5a6a89227b) Importer(815301076,1909f56bfc062723c751e8b465ee728b)
Start importing Assets/Scripts/OdometrySubscriber.cs using Guid(62ba537eccbdde5738177b5a6a89227b) Importer(815301076,1909f56bfc062723c751e8b465ee728b)  -> (artifact id: 'e2ed485bfee96a29266a0a28de49a88f') in 0.030361 seconds
  Import took 0.036287 seconds .

========================================================================
Received Import Request.
  Time since last request: 0.073091 seconds.
  path: Assets/Scripts/OdometrySubscriber.cs
  artifactKey: Guid(62ba537eccbdde5738177b5a6a89227b) Importer(815301076,1909f56bfc062723c751e8b465ee728b)
Start importing Assets/Scripts/OdometrySubscriber.cs using Guid(62ba537eccbdde5738177b5a6a89227b) Importer(815301076,1909f56bfc062723c751e8b465ee728b)  -> (artifact id: 'e2ed485bfee96a29266a0a28de49a88f') in 0.000561 seconds
  Import took 0.020800 seconds .

========================================================================
Received Prepare
Registering precompiled user dll's ...
Registered in 0.008768 seconds.
Begin MonoManager ReloadAssembly
Native extension for LinuxStandalone target not found
Native extension for WindowsStandalone target not found
Refreshing native plugins compatible for Editor in 0.59 ms, found 3 plugins.
Preloading 0 native plugins for Editor in 0.00 ms.
Mono: successfully reloaded assembly
- Completed reload, in  3.727 seconds
Platform modules already initialized, skipping
Refreshing native plugins compatible for Editor in 0.53 ms, found 3 plugins.
Preloading 0 native plugins for Editor in 0.00 ms.
Unloading 2425 Unused Serialized files (Serialized files now loaded: 0)
System memory in use before: 97.0 MB.
System memory in use after: 97.0 MB.

Unloading 29 unused Assets to reduce memory usage. Loaded Objects now: 2903.
Total: 21.294565 ms (FindLiveObjects: 0.985534 ms CreateObjectMapping: 0.169044 ms MarkObjects: 19.607747 ms  DeleteObjects: 0.526293 ms)

========================================================================
Received Import Request.
  Time since last request: 531.128343 seconds.
  path: Assets/Scripts/OdometrySubscriber.cs
  artifactKey: Guid(62ba537eccbdde5738177b5a6a89227b) Importer(815301076,1909f56bfc062723c751e8b465ee728b)
Start importing Assets/Scripts/OdometrySubscriber.cs using Guid(62ba537eccbdde5738177b5a6a89227b) Importer(815301076,1909f56bfc062723c751e8b465ee728b)  -> (artifact id: 'd12a4bfd2d9f71b6b0ac02d3396ac466') in 0.005736 seconds
  Import took 0.026873 seconds .

========================================================================
Received Prepare
Registering precompiled user dll's ...
Registered in 0.016952 seconds.
Begin MonoManager ReloadAssembly
Native extension for LinuxStandalone target not found
Native extension for WindowsStandalone target not found
Refreshing native plugins compatible for Editor in 1.18 ms, found 3 plugins.
Preloading 0 native plugins for Editor in 0.00 ms.
Mono: successfully reloaded assembly
- Completed reload, in  3.083 seconds
Platform modules already initialized, skipping
Refreshing native plugins compatible for Editor in 0.92 ms, found 3 plugins.
Preloading 0 native plugins for Editor in 0.00 ms.
Unloading 2425 Unused Serialized files (Serialized files now loaded: 0)
System memory in use before: 97.0 MB.
System memory in use after: 97.0 MB.

Unloading 29 unused Assets to reduce memory usage. Loaded Objects now: 2907.
Total: 62.113305 ms (FindLiveObjects: 0.473465 ms CreateObjectMapping: 0.147200 ms MarkObjects: 61.217544 ms  DeleteObjects: 0.270840 ms)

========================================================================
Received Prepare
Registering precompiled user dll's ...
Registered in 0.002563 seconds.
Begin MonoManager ReloadAssembly
Native extension for LinuxStandalone target not found
Native extension for WindowsStandalone target not found
Refreshing native plugins compatible for Editor in 0.52 ms, found 3 plugins.
Preloading 0 native plugins for Editor in 0.00 ms.
Mono: successfully reloaded assembly
- Completed reload, in  3.571 seconds
Platform modules already initialized, skipping
Refreshing native plugins compatible for Editor in 0.52 ms, found 3 plugins.
Preloading 0 native plugins for Editor in 0.00 ms.
Unloading 2425 Unused Serialized files (Serialized files now loaded: 0)
System memory in use before: 97.0 MB.
System memory in use after: 97.0 MB.

Unloading 29 unused Assets to reduce memory usage. Loaded Objects now: 2911.
Total: 46.894361 ms (FindLiveObjects: 0.810416 ms CreateObjectMapping: 0.260022 ms MarkObjects: 45.546826 ms  DeleteObjects: 0.271202 ms)

========================================================================
Received Prepare
Registering precompiled user dll's ...
Registered in 0.009749 seconds.
Begin MonoManager ReloadAssembly
Native extension for LinuxStandalone target not found
Native extension for WindowsStandalone target not found
Refreshing native plugins compatible for Editor in 0.71 ms, found 3 plugins.
Preloading 0 native plugins for Editor in 0.00 ms.
Mono: successfully reloaded assembly
- Completed reload, in  2.878 seconds
Platform modules already initialized, skipping
Refreshing native plugins compatible for Editor in 0.56 ms, found 3 plugins.
Preloading 0 native plugins for Editor in 0.00 ms.
Unloading 2425 Unused Serialized files (Serialized files now loaded: 0)
System memory in use before: 96.9 MB.
System memory in use after: 96.9 MB.

Unloading 29 unused Assets to reduce memory usage. Loaded Objects now: 2915.
Total: 66.192390 ms (FindLiveObjects: 0.384415 ms CreateObjectMapping: 0.114778 ms MarkObjects: 65.327796 ms  DeleteObjects: 0.361370 ms)

========================================================================
Received Import Request.
  Time since last request: 490.547085 seconds.
  path: Assets/Resources/GeometryCompassSettings.asset
  artifactKey: Guid(5849966bd7f84dcea806b04e08ed3794) Importer(815301076,1909f56bfc062723c751e8b465ee728b)
Start importing Assets/Resources/GeometryCompassSettings.asset using Guid(5849966bd7f84dcea806b04e08ed3794) Importer(815301076,1909f56bfc062723c751e8b465ee728b)  -> (artifact id: '094f58514c685105cca1f8280d48ec72') in 0.138405 seconds
  Import took 0.145216 seconds .

========================================================================
Received Import Request.
  Time since last request: 0.010340 seconds.
  path: Assets/Resources/ROSConnectionPrefab.prefab
  artifactKey: Guid(3af4487351ba36e318ad899cb370ccad) Importer(815301076,1909f56bfc062723c751e8b465ee728b)
Start importing Assets/Resources/ROSConnectionPrefab.prefab using Guid(3af4487351ba36e318ad899cb370ccad) Importer(815301076,1909f56bfc062723c751e8b465ee728b)  -> (artifact id: 'e2d629cc8481f1455dff8d5f44fc10ce') in 0.071075 seconds
  Import took 0.097927 seconds .

========================================================================
Received Import Request.
  Time since last request: 0.073510 seconds.
  path: Assets/Resources/GeometryCompassSettings.asset
  artifactKey: Guid(5849966bd7f84dcea806b04e08ed3794) Importer(815301076,1909f56bfc062723c751e8b465ee728b)
Start importing Assets/Resources/GeometryCompassSettings.asset using Guid(5849966bd7f84dcea806b04e08ed3794) Importer(815301076,1909f56bfc062723c751e8b465ee728b)  -> (artifact id: '094f58514c685105cca1f8280d48ec72') in 0.001325 seconds
  Import took 0.019705 seconds .

========================================================================
Received Import Request.
  Time since last request: 0.241576 seconds.
  path: Assets/Resources
  artifactKey: Guid(cd2bdf2c41e71a15490c508455ec7f66) Importer(815301076,1909f56bfc062723c751e8b465ee728b)
Start importing Assets/Resources using Guid(cd2bdf2c41e71a15490c508455ec7f66) Importer(815301076,1909f56bfc062723c751e8b465ee728b)  -> (artifact id: '094857152dc4669856b31fe9e50087d3') in 0.006112 seconds
  Import took 0.011671 seconds .

========================================================================
Received Import Request.
  Time since last request: 0.015626 seconds.
  path: Assets/Resources
  artifactKey: Guid(cd2bdf2c41e71a15490c508455ec7f66) Importer(815301076,1909f56bfc062723c751e8b465ee728b)
Start importing Assets/Resources using Guid(cd2bdf2c41e71a15490c508455ec7f66) Importer(815301076,1909f56bfc062723c751e8b465ee728b)  -> (artifact id: '094857152dc4669856b31fe9e50087d3') in 0.000793 seconds
  Import took 0.005570 seconds .

========================================================================
Received Prepare
Registering precompiled user dll's ...
Registered in 0.005230 seconds.
Begin MonoManager ReloadAssembly
Native extension for LinuxStandalone target not found
Native extension for WindowsStandalone target not found
Refreshing native plugins compatible for Editor in 1.28 ms, found 3 plugins.
Preloading 0 native plugins for Editor in 0.00 ms.
Mono: successfully reloaded assembly
- Completed reload, in  3.096 seconds
Platform modules already initialized, skipping
Refreshing native plugins compatible for Editor in 0.66 ms, found 3 plugins.
Preloading 0 native plugins for Editor in 0.00 ms.
Unloading 2425 Unused Serialized files (Serialized files now loaded: 0)
System memory in use before: 97.0 MB.
System memory in use after: 97.0 MB.

Unloading 29 unused Assets to reduce memory usage. Loaded Objects now: 2919.
Total: 6.264375 ms (FindLiveObjects: 0.585671 ms CreateObjectMapping: 0.195094 ms MarkObjects: 5.046735 ms  DeleteObjects: 0.432791 ms)

========================================================================
Received Import Request.
  Time since last request: 352.839141 seconds.
  path: Assets/New Material.mat
  artifactKey: Guid(6918c6b9022deca5c90f70a951737f3b) Importer(815301076,1909f56bfc062723c751e8b465ee728b)
Start importing Assets/New Material.mat using Guid(6918c6b9022deca5c90f70a951737f3b) Importer(815301076,1909f56bfc062723c751e8b465ee728b)  -> (artifact id: '7c187c521940dca2b2bd7ea182c828c3') in 1.462169 seconds
  Import took 1.472410 seconds .

========================================================================
Received Import Request.
  Time since last request: 14.780229 seconds.
  path: Assets/PlayerColour.mat
  artifactKey: Guid(6918c6b9022deca5c90f70a951737f3b) Importer(815301076,1909f56bfc062723c751e8b465ee728b)
Start importing Assets/PlayerColour.mat using Guid(6918c6b9022deca5c90f70a951737f3b) Importer(815301076,1909f56bfc062723c751e8b465ee728b)  -> (artifact id: '31d513ed74c088df756d04afefb8a366') in 0.106877 seconds
  Import took 0.112593 seconds .

========================================================================
Received Import Request.
  Time since last request: 138.744816 seconds.
  path: Assets/Colours
  artifactKey: Guid(ec73ba22a40cf94519a9301af5b27aff) Importer(815301076,1909f56bfc062723c751e8b465ee728b)
Start importing Assets/Colours using Guid(ec73ba22a40cf94519a9301af5b27aff) Importer(815301076,1909f56bfc062723c751e8b465ee728b)  -> (artifact id: '0b9bbe471cc195726121cb67cbe582b8') in 0.001414 seconds
  Import took 0.007356 seconds .

AssetImportWorkerClient::OnTransportError - code=2 error=End of file
